INFO:root:Start of simulation seed16 with arguments -i =cape_town_100k_sens_learning, -o=cape_town_100k_sens_learning/2
DEBUG:root:New infections scenario has been set to None
DEBUG:root:Parameter time has the value 200
DEBUG:root:Parameter number_of_agents has the value 100000
DEBUG:root:Parameter exposed_days has the value 4
DEBUG:root:Parameter asymptom_days has the value 7
DEBUG:root:Parameter symptom_days has the value 7
DEBUG:root:Parameter critical_days has the value 11
DEBUG:root:Parameter probability_symptomatic has the value 0.38349999999999995
DEBUG:root:Parameter no_hospital_multiplier has the value 1.79
DEBUG:root:Parameter probability_transmission has the value 0.02890378740708691
DEBUG:root:Parameter probability_critical has the value {'age_0_10': 0.001, 'age_10_20': 0.003, 'age_20_30': 0.012, 'age_30_40': 0.032, 'age_40_50': 0.049, 'age_50_60': 0.102, 'age_60_70': 0.166, 'age_70_80': 0.244, 'age_80_plus': 0.273}
DEBUG:root:Parameter probability_to_die has the value {'age_0_10': 0.02090209, 'age_10_20': 0.032569361, 'age_20_30': 0.034233668, 'age_30_40': 0.052638239, 'age_40_50': 0.097470817, 'age_50_60': 0.155112718, 'age_60_70': 0.248512233, 'age_70_80': 0.306164902, 'age_80_plus': 0.371187541}
DEBUG:root:Parameter private_shock_stdev has the value 0.05
DEBUG:root:Parameter weight_private_signal has the value 0.2
DEBUG:root:Parameter health_system_capacity has the value 0.0009179
DEBUG:root:Parameter stringency_index has the value [87.96, 87.96, 87.96, 87.96, 87.96, 87.96, 87.96, 87.96, 87.96, 87.96, 87.96, 87.96, 87.96, 87.96, 84.26, 84.26, 84.26, 84.26, 84.26, 84.26, 84.26, 84.26, 84.26, 84.26, 84.26, 84.26, 84.26, 84.26, 84.26, 84.26, 84.26, 84.26, 84.26, 84.26, 84.26, 84.26, 84.26, 84.26, 84.26, 84.26, 84.26, 84.26, 84.26, 84.26, 84.26, 80.56, 80.56, 80.56, 80.56, 80.56, 80.56, 80.56, 76.85, 76.85, 76.85, 76.85, 76.85, 76.85, 76.85, 76.85, 76.85, 76.85, 76.85, 76.85, 76.85, 76.85, 76.85, 76.85, 76.85, 76.85, 76.85, 76.85, 76.85, 76.85, 76.85, 76.85, 76.85, 76.85, 76.85, 76.85, 76.85, 76.85, 76.85, 76.85, 76.85, 76.85, 80.56, 80.56, 80.56, 80.56, 80.56, 80.56, 80.56, 80.56, 80.56, 80.56, 80.56, 80.56, 80.56, 80.56, 80.56, 80.56, 80.56, 80.56, 80.56, 80.56, 80.56, 80.56, 80.56, 80.56, 80.56, 80.56, 80.56, 80.56, 80.56, 80.56, 80.56, 80.56, 80.56, 80.56, 80.56, 80.56, 80.56, 80.56, 80.56, 80.56, 80.56, 80.56, 80.56, 80.56, 80.56, 80.56, 80.56, 80.56, 80.56, 80.56, 80.56, 80.56, 80.56, 80.56, 80.56, 80.56, 80.56, 80.56, 80.56, 80.56, 80.56, 80.56, 80.56, 80.56, 80.56, 80.56, 80.56, 80.56, 80.56, 80.56, 80.56, 80.56, 80.56, 80.56, 80.56, 80.56, 80.56, 80.56, 80.56, 80.56, 80.56, 80.56, 80.56, 80.56, 80.56, 80.56, 80.56, 80.56, 80.56, 80.56, 80.56, 80.56, 80.56, 80.56, 80.56, 80.56, 80.56, 80.56, 80.56, 80.56, 80.56, 80.56, 80.56, 80.56, 80.56, 80.56, 80.56, 80.56, 80.56, 80.56, 80.56, 80.56, 80.56, 80.56]
DEBUG:root:Parameter visiting_recurring_contacts_multiplier has the value 0.4066666666666666
DEBUG:root:Parameter total_initial_infections has the value 2228
DEBUG:root:Parameter time_4_new_infections has the value -1
DEBUG:root:Parameter new_infections_scenario has the value None
DEBUG:root:Parameter informality_dummy has the value 0.0
DEBUG:root:Parameter init_infected_agent has the value 0
DEBUG:root:Parameter data_output has the value csv-light
DEBUG:root:Parameter empirical_population has the value 4524000
DEBUG:root:Parameter empirical_fatalities has the value [0.0, 0.0, 0.0, 0.0, 0.0, 0.0, 0.0, 0.0, 0.0, 0.0, 0.0, 0.0, 0.0, 0.0, 0.0, 0.0, 0.0, 0.0, 0.0, 4.285714285714286, 4.285714285714286, 4.285714285714286, 4.285714285714286, 4.285714285714286, 4.285714285714286, 4.285714285714286, 17.493759127662283, 17.493759127662283, 17.493759127662283, 17.493759127662283, 17.493759127662283, 17.493759127662283, 17.493759127662283, 41.8477723255592, 41.8477723255592, 41.8477723255592, 41.8477723255592, 41.8477723255592, 41.8477723255592, 41.8477723255592, 43.5757374021873, 43.5757374021873, 43.5757374021873, 43.5757374021873, 43.5757374021873, 43.5757374021873, 43.5757374021873, 56.14066424926025, 56.14066424926025, 56.14066424926025, 56.14066424926025, 56.14066424926025, 56.14066424926025, 56.14066424926025, 62.08516230884758, 62.08516230884758, 62.08516230884758, 62.08516230884758, 62.08516230884758, 62.08516230884758, 62.08516230884758, 57.50367465414921, 57.50367465414921, 57.50367465414921, 57.50367465414921, 57.50367465414921, 57.50367465414921, 57.50367465414921, 51.006972713736545, 51.006972713736545, 51.006972713736545, 51.006972713736545, 51.006972713736545, 51.006972713736545, 51.006972713736545, 48.70971363046674, 48.70971363046674, 48.70971363046674, 48.70971363046674, 48.70971363046674, 48.70971363046674, 48.70971363046674, 49.6348974043398, 49.6348974043398, 49.6348974043398, 49.6348974043398, 49.6348974043398, 49.6348974043398, 49.6348974043398, 30.969281178212853, 30.969281178212853, 30.969281178212853, 30.969281178212853, 30.969281178212853, 30.969281178212853, 30.969281178212853, 27.98957923780014, 27.98957923780014, 27.98957923780014, 27.98957923780014, 27.98957923780014, 27.98957923780014, 27.98957923780014, 18.268649685729283, 18.268649685729283, 18.268649685729283, 18.268649685729283, 18.268649685729283, 18.268649685729283, 18.268649685729283, 12.490700103185144, 12.490700103185144, 12.490700103185144, 12.490700103185144, 12.490700103185144, 12.490700103185144, 12.490700103185144]
DEBUG:root:Parameter probability_susceptible has the value 0.0
