INFO:root:Start of simulation seed2 with arguments -i =johannesburg_100k, -o=johannesburg_100k/no_intervention_sens/3
DEBUG:root:New infections scenario has been set to None
DEBUG:root:Parameter time has the value 180
DEBUG:root:Parameter number_of_agents has the value 100000
DEBUG:root:Parameter exposed_days has the value 4
DEBUG:root:Parameter asymptom_days has the value 7
DEBUG:root:Parameter symptom_days has the value 7
DEBUG:root:Parameter critical_days has the value 11
DEBUG:root:Parameter probability_symptomatic has the value 0.38349999999999995
DEBUG:root:Parameter no_hospital_multiplier has the value 1.79
DEBUG:root:Parameter probability_transmission has the value 0.02890378740708691
DEBUG:root:Parameter probability_critical has the value {'age_0_10': 0.001, 'age_10_20': 0.003, 'age_20_30': 0.012, 'age_30_40': 0.032, 'age_40_50': 0.049, 'age_50_60': 0.102, 'age_60_70': 0.166, 'age_70_80': 0.244, 'age_80_plus': 0.273}
DEBUG:root:Parameter probability_to_die has the value {'age_0_10': 0.02090209, 'age_10_20': 0.032569361, 'age_20_30': 0.034233668, 'age_30_40': 0.052638239, 'age_40_50': 0.097470817, 'age_50_60': 0.155112718, 'age_60_70': 0.248512233, 'age_70_80': 0.306164902, 'age_80_plus': 0.371187541}
DEBUG:root:Parameter private_shock_stdev has the value 0.05
DEBUG:root:Parameter weight_private_signal has the value 0.3
DEBUG:root:Parameter health_system_capacity has the value 0.0007
DEBUG:root:Parameter stringency_index has the value [0.0, 0.0, 0.0, 0.0, 0.0, 0.0, 0.0, 0.0, 0.0, 0.0, 0.0, 0.0, 0.0, 0.0, 0.0, 0.0, 0.0, 0.0, 0.0, 0.0, 0.0, 0.0, 0.0, 0.0, 0.0, 0.0, 0.0, 0.0, 0.0, 0.0, 0.0, 0.0, 0.0, 0.0, 0.0, 0.0, 0.0, 0.0, 0.0, 0.0, 0.0, 0.0, 0.0, 0.0, 0.0, 0.0, 0.0, 0.0, 0.0, 0.0, 0.0, 0.0, 0.0, 0.0, 0.0, 0.0, 0.0, 0.0, 0.0, 0.0, 0.0, 0.0, 0.0, 0.0, 0.0, 0.0, 0.0, 0.0, 0.0, 0.0, 0.0, 0.0, 0.0, 0.0, 0.0, 0.0, 0.0, 0.0, 0.0, 0.0, 0.0, 0.0, 0.0, 0.0, 0.0, 0.0, 0.0, 0.0, 0.0, 0.0, 0.0, 0.0, 0.0, 0.0, 0.0, 0.0, 0.0, 0.0, 0.0, 0.0, 0.0, 0.0, 0.0, 0.0, 0.0, 0.0, 0.0, 0.0, 0.0, 0.0, 0.0, 0.0, 0.0, 0.0, 0.0, 0.0, 0.0, 0.0, 0.0, 0.0, 0.0, 0.0, 0.0, 0.0, 0.0, 0.0, 0.0, 0.0, 0.0, 0.0, 0.0, 0.0, 0.0, 0.0, 0.0, 0.0, 0.0, 0.0, 0.0, 0.0, 0.0, 0.0, 0.0, 0.0, 0.0, 0.0, 0.0, 0.0, 0.0, 0.0, 0.0, 0.0, 0.0, 0.0, 0.0, 0.0, 0.0, 0.0, 0.0, 0.0, 0.0, 0.0, 0.0, 0.0, 0.0, 0.0, 0.0, 0.0, 0.0, 0.0, 0.0, 0.0, 0.0, 0.0, 0.0, 0.0, 0.0, 0.0, 0.0, 0.0]
DEBUG:root:Parameter visiting_recurring_contacts_multiplier has the value 0.4633333333333334
DEBUG:root:Parameter total_initial_infections has the value 850
DEBUG:root:Parameter time_4_new_infections has the value -1
DEBUG:root:Parameter new_infections_scenario has the value None
DEBUG:root:Parameter informality_dummy has the value 0.0
DEBUG:root:Parameter init_infected_agent has the value 0
DEBUG:root:Parameter data_output has the value csv-light
DEBUG:root:Parameter empirical_population has the value 5635127
DEBUG:root:Parameter empirical_fatalities has the value [0.0, 0.0, 0.0, 0.0, 0.0, 0.0, 0.0, 0.0, 0.0, 0.0, 0.0, 0.0, 0.0, 0.0, 0.0, 0.0, 0.0, 0.0, 0.0, 0.0, 0.0, 0.0, 0.0, 0.0, 0.0, 0.0, 0.0, 0.0, 0.0, 0.0, 0.0, 0.0, 0.0, 0.0, 0.0, 0.0, 0.0, 0.0, 0.0, 0.0, 0.0, 0.0, 0.0, 0.0, 0.0, 0.0, 0.0, 0.0, 0.0, 0.0, 0.0, 0.0, 0.0, 0.0, 2.0, 2.0, 2.0, 2.0, 2.0, 2.0, 2.0, 27.188768737944198, 27.188768737944198, 27.188768737944198, 27.188768737944198, 27.188768737944198, 27.188768737944198, 27.188768737944198, 61.019724041109065, 61.019724041109065, 61.019724041109065, 61.019724041109065, 61.019724041109065, 61.019724041109065, 61.019724041109065, 77.13852833100569, 77.13852833100569, 77.13852833100569, 77.13852833100569, 77.13852833100569, 77.13852833100569, 77.13852833100569, 102.54825513972273, 102.54825513972273, 102.54825513972273, 102.54825513972273, 102.54825513972273, 102.54825513972273, 102.54825513972273, 91.98841989337757, 91.98841989337757, 91.98841989337757, 91.98841989337757, 91.98841989337757, 91.98841989337757, 91.98841989337757, 67.99416496767051, 67.99416496767051, 67.99416496767051, 67.99416496767051, 67.99416496767051, 67.99416496767051, 67.99416496767051, 44.187449708997406, 44.187449708997406, 44.187449708997406, 44.187449708997406, 44.187449708997406, 44.187449708997406, 44.187449708997406, 19.51762781087488, 19.51762781087488, 19.51762781087488, 19.51762781087488, 19.51762781087488, 19.51762781087488, 19.51762781087488]
DEBUG:root:Parameter probability_susceptible has the value 0.0
